2020-12-02 17:51:30,592 INFO 62351 [egg-schedule]: register schedule /Users/gaojianbo/Documents/private/keep_growing_server/node_modules/egg-multipart/app/schedule/clean_tmpdir.js
2020-12-02 17:51:30,592 INFO 62351 [egg-schedule]: register schedule /Users/gaojianbo/Documents/private/keep_growing_server/node_modules/egg-logrotator/app/schedule/clean_log.js
2020-12-02 17:51:30,592 INFO 62351 [egg-schedule]: register schedule /Users/gaojianbo/Documents/private/keep_growing_server/node_modules/egg-logrotator/app/schedule/rotate_by_file.js
2020-12-02 17:51:30,709 INFO 62349 [egg-schedule]: register schedule /Users/gaojianbo/Documents/private/keep_growing_server/node_modules/egg-multipart/app/schedule/clean_tmpdir.js
2020-12-02 17:51:30,709 INFO 62349 [egg-schedule]: register schedule /Users/gaojianbo/Documents/private/keep_growing_server/node_modules/egg-logrotator/app/schedule/clean_log.js
2020-12-02 17:51:30,709 INFO 62349 [egg-schedule]: register schedule /Users/gaojianbo/Documents/private/keep_growing_server/node_modules/egg-logrotator/app/schedule/rotate_by_file.js
2020-12-02 17:51:30,717 INFO 62353 [egg-schedule]: register schedule /Users/gaojianbo/Documents/private/keep_growing_server/node_modules/egg-multipart/app/schedule/clean_tmpdir.js
2020-12-02 17:51:30,717 INFO 62353 [egg-schedule]: register schedule /Users/gaojianbo/Documents/private/keep_growing_server/node_modules/egg-logrotator/app/schedule/clean_log.js
2020-12-02 17:51:30,717 INFO 62353 [egg-schedule]: register schedule /Users/gaojianbo/Documents/private/keep_growing_server/node_modules/egg-logrotator/app/schedule/rotate_by_file.js
2020-12-02 17:51:30,754 INFO 62352 [egg-schedule]: register schedule /Users/gaojianbo/Documents/private/keep_growing_server/node_modules/egg-multipart/app/schedule/clean_tmpdir.js
2020-12-02 17:51:30,754 INFO 62352 [egg-schedule]: register schedule /Users/gaojianbo/Documents/private/keep_growing_server/node_modules/egg-logrotator/app/schedule/clean_log.js
2020-12-02 17:51:30,754 INFO 62352 [egg-schedule]: register schedule /Users/gaojianbo/Documents/private/keep_growing_server/node_modules/egg-logrotator/app/schedule/rotate_by_file.js
2020-12-02 17:51:30,790 INFO 62350 [egg-schedule]: register schedule /Users/gaojianbo/Documents/private/keep_growing_server/node_modules/egg-multipart/app/schedule/clean_tmpdir.js
2020-12-02 17:51:30,790 INFO 62350 [egg-schedule]: register schedule /Users/gaojianbo/Documents/private/keep_growing_server/node_modules/egg-logrotator/app/schedule/clean_log.js
2020-12-02 17:51:30,790 INFO 62350 [egg-schedule]: register schedule /Users/gaojianbo/Documents/private/keep_growing_server/node_modules/egg-logrotator/app/schedule/rotate_by_file.js
2020-12-02 17:51:30,797 INFO 62354 [egg-schedule]: register schedule /Users/gaojianbo/Documents/private/keep_growing_server/node_modules/egg-multipart/app/schedule/clean_tmpdir.js
2020-12-02 17:51:30,797 INFO 62354 [egg-schedule]: register schedule /Users/gaojianbo/Documents/private/keep_growing_server/node_modules/egg-logrotator/app/schedule/clean_log.js
2020-12-02 17:51:30,797 INFO 62354 [egg-schedule]: register schedule /Users/gaojianbo/Documents/private/keep_growing_server/node_modules/egg-logrotator/app/schedule/rotate_by_file.js
2020-12-02 17:51:30,767 INFO 62356 [egg-schedule]: register schedule /Users/gaojianbo/Documents/private/keep_growing_server/node_modules/egg-multipart/app/schedule/clean_tmpdir.js
2020-12-02 17:51:30,767 INFO 62356 [egg-schedule]: register schedule /Users/gaojianbo/Documents/private/keep_growing_server/node_modules/egg-logrotator/app/schedule/clean_log.js
2020-12-02 17:51:30,767 INFO 62356 [egg-schedule]: register schedule /Users/gaojianbo/Documents/private/keep_growing_server/node_modules/egg-logrotator/app/schedule/rotate_by_file.js
2020-12-02 17:51:30,820 INFO 62355 [egg-schedule]: register schedule /Users/gaojianbo/Documents/private/keep_growing_server/node_modules/egg-multipart/app/schedule/clean_tmpdir.js
2020-12-02 17:51:30,820 INFO 62355 [egg-schedule]: register schedule /Users/gaojianbo/Documents/private/keep_growing_server/node_modules/egg-logrotator/app/schedule/clean_log.js
2020-12-02 17:51:30,820 INFO 62355 [egg-schedule]: register schedule /Users/gaojianbo/Documents/private/keep_growing_server/node_modules/egg-logrotator/app/schedule/rotate_by_file.js
2020-12-02 17:51:30,816 INFO 62348 [egg-schedule]: register schedule /Users/gaojianbo/Documents/private/keep_growing_server/node_modules/egg-multipart/app/schedule/clean_tmpdir.js
2020-12-02 17:51:30,816 INFO 62348 [egg-schedule]: register schedule /Users/gaojianbo/Documents/private/keep_growing_server/node_modules/egg-logrotator/app/schedule/clean_log.js
2020-12-02 17:51:30,816 INFO 62348 [egg-schedule]: register schedule /Users/gaojianbo/Documents/private/keep_growing_server/node_modules/egg-logrotator/app/schedule/rotate_by_file.js
2020-12-02 17:51:30,839 INFO 62359 [egg-schedule]: register schedule /Users/gaojianbo/Documents/private/keep_growing_server/node_modules/egg-multipart/app/schedule/clean_tmpdir.js
2020-12-02 17:51:30,839 INFO 62359 [egg-schedule]: register schedule /Users/gaojianbo/Documents/private/keep_growing_server/node_modules/egg-logrotator/app/schedule/clean_log.js
2020-12-02 17:51:30,839 INFO 62359 [egg-schedule]: register schedule /Users/gaojianbo/Documents/private/keep_growing_server/node_modules/egg-logrotator/app/schedule/rotate_by_file.js
2020-12-02 17:51:30,871 INFO 62357 [egg-schedule]: register schedule /Users/gaojianbo/Documents/private/keep_growing_server/node_modules/egg-multipart/app/schedule/clean_tmpdir.js
2020-12-02 17:51:30,871 INFO 62357 [egg-schedule]: register schedule /Users/gaojianbo/Documents/private/keep_growing_server/node_modules/egg-logrotator/app/schedule/clean_log.js
2020-12-02 17:51:30,871 INFO 62357 [egg-schedule]: register schedule /Users/gaojianbo/Documents/private/keep_growing_server/node_modules/egg-logrotator/app/schedule/rotate_by_file.js
2020-12-02 17:51:30,879 INFO 62358 [egg-schedule]: register schedule /Users/gaojianbo/Documents/private/keep_growing_server/node_modules/egg-multipart/app/schedule/clean_tmpdir.js
2020-12-02 17:51:30,879 INFO 62358 [egg-schedule]: register schedule /Users/gaojianbo/Documents/private/keep_growing_server/node_modules/egg-logrotator/app/schedule/clean_log.js
2020-12-02 17:51:30,879 INFO 62358 [egg-schedule]: register schedule /Users/gaojianbo/Documents/private/keep_growing_server/node_modules/egg-logrotator/app/schedule/rotate_by_file.js
2020-12-02 17:51:56,564 INFO 62625 [egg-schedule]: register schedule /Users/gaojianbo/Documents/private/keep_growing_server/node_modules/egg-multipart/app/schedule/clean_tmpdir.js
2020-12-02 17:51:56,564 INFO 62625 [egg-schedule]: register schedule /Users/gaojianbo/Documents/private/keep_growing_server/node_modules/egg-logrotator/app/schedule/clean_log.js
2020-12-02 17:51:56,564 INFO 62625 [egg-schedule]: register schedule /Users/gaojianbo/Documents/private/keep_growing_server/node_modules/egg-logrotator/app/schedule/rotate_by_file.js
2020-12-02 17:51:57,288 INFO 62618 [Timer] /Users/gaojianbo/Documents/private/keep_growing_server/node_modules/egg-multipart/app/schedule/clean_tmpdir.js next time will execute after 38282715ms at 2020-12-03 04:30:00.003
2020-12-02 17:51:57,288 INFO 62618 [Timer] /Users/gaojianbo/Documents/private/keep_growing_server/node_modules/egg-logrotator/app/schedule/clean_log.js next time will execute after 22082712ms at 2020-12-03 00:00:00.000
2020-12-02 17:51:57,288 INFO 62618 [Timer] /Users/gaojianbo/Documents/private/keep_growing_server/node_modules/egg-logrotator/app/schedule/rotate_by_file.js next time will execute after 22083712ms at 2020-12-03 00:00:01.000
2020-12-02 17:53:33,603 INFO 62892 [egg-schedule]: register schedule /Users/gaojianbo/Documents/private/keep_growing_server/node_modules/egg-multipart/app/schedule/clean_tmpdir.js
2020-12-02 17:53:33,603 INFO 62892 [egg-schedule]: register schedule /Users/gaojianbo/Documents/private/keep_growing_server/node_modules/egg-logrotator/app/schedule/clean_log.js
2020-12-02 17:53:33,604 INFO 62892 [egg-schedule]: register schedule /Users/gaojianbo/Documents/private/keep_growing_server/node_modules/egg-logrotator/app/schedule/rotate_by_file.js
2020-12-02 17:53:34,522 INFO 62882 [Timer] /Users/gaojianbo/Documents/private/keep_growing_server/node_modules/egg-multipart/app/schedule/clean_tmpdir.js next time will execute after 38185481ms at 2020-12-03 04:30:00.003
2020-12-02 17:53:34,522 INFO 62882 [Timer] /Users/gaojianbo/Documents/private/keep_growing_server/node_modules/egg-logrotator/app/schedule/clean_log.js next time will execute after 21985478ms at 2020-12-03 00:00:00.000
2020-12-02 17:53:34,522 INFO 62882 [Timer] /Users/gaojianbo/Documents/private/keep_growing_server/node_modules/egg-logrotator/app/schedule/rotate_by_file.js next time will execute after 21986478ms at 2020-12-03 00:00:01.000
2020-12-02 17:54:40,091 INFO 63040 [egg-schedule]: register schedule /Users/gaojianbo/Documents/private/keep_growing_server/node_modules/egg-multipart/app/schedule/clean_tmpdir.js
2020-12-02 17:54:40,091 INFO 63040 [egg-schedule]: register schedule /Users/gaojianbo/Documents/private/keep_growing_server/node_modules/egg-logrotator/app/schedule/clean_log.js
2020-12-02 17:54:40,091 INFO 63040 [egg-schedule]: register schedule /Users/gaojianbo/Documents/private/keep_growing_server/node_modules/egg-logrotator/app/schedule/rotate_by_file.js
2020-12-02 17:54:41,186 INFO 63054 [egg-schedule]: register schedule /Users/gaojianbo/Documents/private/keep_growing_server/node_modules/egg-multipart/app/schedule/clean_tmpdir.js
2020-12-02 17:54:41,186 INFO 63054 [egg-schedule]: register schedule /Users/gaojianbo/Documents/private/keep_growing_server/node_modules/egg-logrotator/app/schedule/clean_log.js
2020-12-02 17:54:41,186 INFO 63054 [egg-schedule]: register schedule /Users/gaojianbo/Documents/private/keep_growing_server/node_modules/egg-logrotator/app/schedule/rotate_by_file.js
2020-12-02 17:55:02,139 INFO 63268 [egg-schedule]: register schedule /Users/gaojianbo/Documents/private/keep_growing_server/node_modules/egg-multipart/app/schedule/clean_tmpdir.js
2020-12-02 17:55:02,139 INFO 63268 [egg-schedule]: register schedule /Users/gaojianbo/Documents/private/keep_growing_server/node_modules/egg-logrotator/app/schedule/clean_log.js
2020-12-02 17:55:02,139 INFO 63268 [egg-schedule]: register schedule /Users/gaojianbo/Documents/private/keep_growing_server/node_modules/egg-logrotator/app/schedule/rotate_by_file.js
2020-12-02 17:55:03,047 INFO 63258 [Timer] /Users/gaojianbo/Documents/private/keep_growing_server/node_modules/egg-multipart/app/schedule/clean_tmpdir.js next time will execute after 38096956ms at 2020-12-03 04:30:00.003
2020-12-02 17:55:03,047 INFO 63258 [Timer] /Users/gaojianbo/Documents/private/keep_growing_server/node_modules/egg-logrotator/app/schedule/clean_log.js next time will execute after 21896953ms at 2020-12-03 00:00:00.000
2020-12-02 17:55:03,047 INFO 63258 [Timer] /Users/gaojianbo/Documents/private/keep_growing_server/node_modules/egg-logrotator/app/schedule/rotate_by_file.js next time will execute after 21897953ms at 2020-12-03 00:00:01.000
2020-12-02 17:55:20,063 INFO 63320 [egg-schedule]: register schedule /Users/gaojianbo/Documents/private/keep_growing_server/node_modules/egg-multipart/app/schedule/clean_tmpdir.js
2020-12-02 17:55:20,063 INFO 63320 [egg-schedule]: register schedule /Users/gaojianbo/Documents/private/keep_growing_server/node_modules/egg-logrotator/app/schedule/clean_log.js
2020-12-02 17:55:20,063 INFO 63320 [egg-schedule]: register schedule /Users/gaojianbo/Documents/private/keep_growing_server/node_modules/egg-logrotator/app/schedule/rotate_by_file.js
2020-12-02 17:55:37,428 INFO 63359 [egg-schedule]: register schedule /Users/gaojianbo/Documents/private/keep_growing_server/node_modules/egg-multipart/app/schedule/clean_tmpdir.js
2020-12-02 17:55:37,428 INFO 63359 [egg-schedule]: register schedule /Users/gaojianbo/Documents/private/keep_growing_server/node_modules/egg-logrotator/app/schedule/clean_log.js
2020-12-02 17:55:37,428 INFO 63359 [egg-schedule]: register schedule /Users/gaojianbo/Documents/private/keep_growing_server/node_modules/egg-logrotator/app/schedule/rotate_by_file.js
2020-12-02 17:55:38,443 INFO 63364 [egg-schedule]: register schedule /Users/gaojianbo/Documents/private/keep_growing_server/node_modules/egg-multipart/app/schedule/clean_tmpdir.js
2020-12-02 17:55:38,443 INFO 63364 [egg-schedule]: register schedule /Users/gaojianbo/Documents/private/keep_growing_server/node_modules/egg-logrotator/app/schedule/clean_log.js
2020-12-02 17:55:38,443 INFO 63364 [egg-schedule]: register schedule /Users/gaojianbo/Documents/private/keep_growing_server/node_modules/egg-logrotator/app/schedule/rotate_by_file.js
2020-12-02 17:55:51,802 INFO 63501 [egg-schedule]: register schedule /Users/gaojianbo/Documents/private/keep_growing_server/node_modules/egg-multipart/app/schedule/clean_tmpdir.js
2020-12-02 17:55:51,802 INFO 63501 [egg-schedule]: register schedule /Users/gaojianbo/Documents/private/keep_growing_server/node_modules/egg-logrotator/app/schedule/clean_log.js
2020-12-02 17:55:51,802 INFO 63501 [egg-schedule]: register schedule /Users/gaojianbo/Documents/private/keep_growing_server/node_modules/egg-logrotator/app/schedule/rotate_by_file.js
2020-12-02 17:55:52,106 INFO 63493 [Timer] /Users/gaojianbo/Documents/private/keep_growing_server/node_modules/egg-multipart/app/schedule/clean_tmpdir.js next time will execute after 38047896ms at 2020-12-03 04:30:00.002
2020-12-02 17:55:52,106 INFO 63493 [Timer] /Users/gaojianbo/Documents/private/keep_growing_server/node_modules/egg-logrotator/app/schedule/clean_log.js next time will execute after 21847894ms at 2020-12-03 00:00:00.000
2020-12-02 17:55:52,106 INFO 63493 [Timer] /Users/gaojianbo/Documents/private/keep_growing_server/node_modules/egg-logrotator/app/schedule/rotate_by_file.js next time will execute after 21848894ms at 2020-12-03 00:00:01.000
2020-12-02 17:56:33,583 INFO 63687 [egg-schedule]: register schedule /Users/gaojianbo/Documents/private/keep_growing_server/node_modules/egg-multipart/app/schedule/clean_tmpdir.js
2020-12-02 17:56:33,583 INFO 63687 [egg-schedule]: register schedule /Users/gaojianbo/Documents/private/keep_growing_server/node_modules/egg-logrotator/app/schedule/clean_log.js
2020-12-02 17:56:33,583 INFO 63687 [egg-schedule]: register schedule /Users/gaojianbo/Documents/private/keep_growing_server/node_modules/egg-logrotator/app/schedule/rotate_by_file.js
2020-12-02 17:56:33,884 INFO 63681 [Timer] /Users/gaojianbo/Documents/private/keep_growing_server/node_modules/egg-multipart/app/schedule/clean_tmpdir.js next time will execute after 38006118ms at 2020-12-03 04:30:00.002
2020-12-02 17:56:33,884 INFO 63681 [Timer] /Users/gaojianbo/Documents/private/keep_growing_server/node_modules/egg-logrotator/app/schedule/clean_log.js next time will execute after 21806116ms at 2020-12-03 00:00:00.000
2020-12-02 17:56:33,884 INFO 63681 [Timer] /Users/gaojianbo/Documents/private/keep_growing_server/node_modules/egg-logrotator/app/schedule/rotate_by_file.js next time will execute after 21807116ms at 2020-12-03 00:00:01.000
2020-12-02 17:59:04,636 INFO 64047 [egg-schedule]: register schedule /Users/gaojianbo/Documents/private/keep_growing_server/node_modules/egg-multipart/app/schedule/clean_tmpdir.js
2020-12-02 17:59:04,636 INFO 64047 [egg-schedule]: register schedule /Users/gaojianbo/Documents/private/keep_growing_server/node_modules/egg-logrotator/app/schedule/clean_log.js
2020-12-02 17:59:04,636 INFO 64047 [egg-schedule]: register schedule /Users/gaojianbo/Documents/private/keep_growing_server/node_modules/egg-logrotator/app/schedule/rotate_by_file.js
2020-12-02 17:59:07,924 INFO 64061 [egg-schedule]: register schedule /Users/gaojianbo/Documents/private/keep_growing_server/node_modules/egg-multipart/app/schedule/clean_tmpdir.js
2020-12-02 17:59:07,924 INFO 64061 [egg-schedule]: register schedule /Users/gaojianbo/Documents/private/keep_growing_server/node_modules/egg-logrotator/app/schedule/clean_log.js
2020-12-02 17:59:07,924 INFO 64061 [egg-schedule]: register schedule /Users/gaojianbo/Documents/private/keep_growing_server/node_modules/egg-logrotator/app/schedule/rotate_by_file.js
2020-12-02 17:59:12,490 INFO 64081 [egg-schedule]: register schedule /Users/gaojianbo/Documents/private/keep_growing_server/node_modules/egg-multipart/app/schedule/clean_tmpdir.js
2020-12-02 17:59:12,490 INFO 64081 [egg-schedule]: register schedule /Users/gaojianbo/Documents/private/keep_growing_server/node_modules/egg-logrotator/app/schedule/clean_log.js
2020-12-02 17:59:12,490 INFO 64081 [egg-schedule]: register schedule /Users/gaojianbo/Documents/private/keep_growing_server/node_modules/egg-logrotator/app/schedule/rotate_by_file.js
2020-12-02 17:59:32,312 INFO 64263 [egg-schedule]: register schedule /Users/gaojianbo/Documents/private/keep_growing_server/node_modules/egg-multipart/app/schedule/clean_tmpdir.js
2020-12-02 17:59:32,312 INFO 64263 [egg-schedule]: register schedule /Users/gaojianbo/Documents/private/keep_growing_server/node_modules/egg-logrotator/app/schedule/clean_log.js
2020-12-02 17:59:32,312 INFO 64263 [egg-schedule]: register schedule /Users/gaojianbo/Documents/private/keep_growing_server/node_modules/egg-logrotator/app/schedule/rotate_by_file.js
2020-12-02 17:59:32,626 INFO 64254 [Timer] /Users/gaojianbo/Documents/private/keep_growing_server/node_modules/egg-multipart/app/schedule/clean_tmpdir.js next time will execute after 37827376ms at 2020-12-03 04:30:00.002
2020-12-02 17:59:32,626 INFO 64254 [Timer] /Users/gaojianbo/Documents/private/keep_growing_server/node_modules/egg-logrotator/app/schedule/clean_log.js next time will execute after 21627374ms at 2020-12-03 00:00:00.000
2020-12-02 17:59:32,626 INFO 64254 [Timer] /Users/gaojianbo/Documents/private/keep_growing_server/node_modules/egg-logrotator/app/schedule/rotate_by_file.js next time will execute after 21628374ms at 2020-12-03 00:00:01.000
2020-12-02 18:00:02,410 INFO 64338 [egg-schedule]: register schedule /Users/gaojianbo/Documents/private/keep_growing_server/node_modules/egg-multipart/app/schedule/clean_tmpdir.js
2020-12-02 18:00:02,410 INFO 64338 [egg-schedule]: register schedule /Users/gaojianbo/Documents/private/keep_growing_server/node_modules/egg-logrotator/app/schedule/clean_log.js
2020-12-02 18:00:02,410 INFO 64338 [egg-schedule]: register schedule /Users/gaojianbo/Documents/private/keep_growing_server/node_modules/egg-logrotator/app/schedule/rotate_by_file.js
2020-12-02 18:00:10,606 INFO 64387 [egg-schedule]: register schedule /Users/gaojianbo/Documents/private/keep_growing_server/node_modules/egg-multipart/app/schedule/clean_tmpdir.js
2020-12-02 18:00:10,606 INFO 64387 [egg-schedule]: register schedule /Users/gaojianbo/Documents/private/keep_growing_server/node_modules/egg-logrotator/app/schedule/clean_log.js
2020-12-02 18:00:10,607 INFO 64387 [egg-schedule]: register schedule /Users/gaojianbo/Documents/private/keep_growing_server/node_modules/egg-logrotator/app/schedule/rotate_by_file.js
2020-12-02 18:00:10,904 INFO 64380 [Timer] /Users/gaojianbo/Documents/private/keep_growing_server/node_modules/egg-multipart/app/schedule/clean_tmpdir.js next time will execute after 37789098ms at 2020-12-03 04:30:00.002
2020-12-02 18:00:10,904 INFO 64380 [Timer] /Users/gaojianbo/Documents/private/keep_growing_server/node_modules/egg-logrotator/app/schedule/clean_log.js next time will execute after 21589096ms at 2020-12-03 00:00:00.000
2020-12-02 18:00:10,904 INFO 64380 [Timer] /Users/gaojianbo/Documents/private/keep_growing_server/node_modules/egg-logrotator/app/schedule/rotate_by_file.js next time will execute after 21590096ms at 2020-12-03 00:00:01.000
2020-12-02 18:44:27,952 INFO 66818 [egg-schedule]: register schedule /Users/gaojianbo/Documents/private/keep_growing_server/node_modules/egg-multipart/app/schedule/clean_tmpdir.js
2020-12-02 18:44:27,952 INFO 66818 [egg-schedule]: register schedule /Users/gaojianbo/Documents/private/keep_growing_server/node_modules/egg-logrotator/app/schedule/clean_log.js
2020-12-02 18:44:27,952 INFO 66818 [egg-schedule]: register schedule /Users/gaojianbo/Documents/private/keep_growing_server/node_modules/egg-logrotator/app/schedule/rotate_by_file.js
2020-12-02 18:44:28,399 INFO 66808 [Timer] /Users/gaojianbo/Documents/private/keep_growing_server/node_modules/egg-multipart/app/schedule/clean_tmpdir.js next time will execute after 35131603ms at 2020-12-03 04:30:00.002
2020-12-02 18:44:28,399 INFO 66808 [Timer] /Users/gaojianbo/Documents/private/keep_growing_server/node_modules/egg-logrotator/app/schedule/clean_log.js next time will execute after 18931601ms at 2020-12-03 00:00:00.000
2020-12-02 18:44:28,399 INFO 66808 [Timer] /Users/gaojianbo/Documents/private/keep_growing_server/node_modules/egg-logrotator/app/schedule/rotate_by_file.js next time will execute after 18932601ms at 2020-12-03 00:00:01.000
2020-12-02 18:49:01,630 INFO 67519 [egg-schedule]: register schedule /Users/gaojianbo/Documents/private/keep_growing_server/node_modules/egg-multipart/app/schedule/clean_tmpdir.js
2020-12-02 18:49:01,630 INFO 67519 [egg-schedule]: register schedule /Users/gaojianbo/Documents/private/keep_growing_server/node_modules/egg-logrotator/app/schedule/clean_log.js
2020-12-02 18:49:01,630 INFO 67519 [egg-schedule]: register schedule /Users/gaojianbo/Documents/private/keep_growing_server/node_modules/egg-logrotator/app/schedule/rotate_by_file.js
2020-12-02 18:49:02,666 INFO 67531 [egg-schedule]: register schedule /Users/gaojianbo/Documents/private/keep_growing_server/node_modules/egg-multipart/app/schedule/clean_tmpdir.js
2020-12-02 18:49:02,666 INFO 67531 [egg-schedule]: register schedule /Users/gaojianbo/Documents/private/keep_growing_server/node_modules/egg-logrotator/app/schedule/clean_log.js
2020-12-02 18:49:02,666 INFO 67531 [egg-schedule]: register schedule /Users/gaojianbo/Documents/private/keep_growing_server/node_modules/egg-logrotator/app/schedule/rotate_by_file.js
2020-12-02 18:49:24,836 INFO 67591 [egg-schedule]: register schedule /Users/gaojianbo/Documents/private/keep_growing_server/node_modules/egg-multipart/app/schedule/clean_tmpdir.js
2020-12-02 18:49:24,836 INFO 67591 [egg-schedule]: register schedule /Users/gaojianbo/Documents/private/keep_growing_server/node_modules/egg-logrotator/app/schedule/clean_log.js
2020-12-02 18:49:24,836 INFO 67591 [egg-schedule]: register schedule /Users/gaojianbo/Documents/private/keep_growing_server/node_modules/egg-logrotator/app/schedule/rotate_by_file.js
2020-12-02 18:51:04,350 INFO 67745 [egg-schedule]: register schedule /Users/gaojianbo/Documents/private/keep_growing_server/node_modules/egg-multipart/app/schedule/clean_tmpdir.js
2020-12-02 18:51:04,350 INFO 67745 [egg-schedule]: register schedule /Users/gaojianbo/Documents/private/keep_growing_server/node_modules/egg-logrotator/app/schedule/clean_log.js
2020-12-02 18:51:04,350 INFO 67745 [egg-schedule]: register schedule /Users/gaojianbo/Documents/private/keep_growing_server/node_modules/egg-logrotator/app/schedule/rotate_by_file.js
2020-12-02 18:51:41,166 INFO 67845 [egg-schedule]: register schedule /Users/gaojianbo/Documents/private/keep_growing_server/node_modules/egg-multipart/app/schedule/clean_tmpdir.js
2020-12-02 18:51:41,166 INFO 67845 [egg-schedule]: register schedule /Users/gaojianbo/Documents/private/keep_growing_server/node_modules/egg-logrotator/app/schedule/clean_log.js
2020-12-02 18:51:41,166 INFO 67845 [egg-schedule]: register schedule /Users/gaojianbo/Documents/private/keep_growing_server/node_modules/egg-logrotator/app/schedule/rotate_by_file.js
2020-12-02 18:51:51,054 INFO 67909 [egg-schedule]: register schedule /Users/gaojianbo/Documents/private/keep_growing_server/node_modules/egg-multipart/app/schedule/clean_tmpdir.js
2020-12-02 18:51:51,054 INFO 67909 [egg-schedule]: register schedule /Users/gaojianbo/Documents/private/keep_growing_server/node_modules/egg-logrotator/app/schedule/clean_log.js
2020-12-02 18:51:51,054 INFO 67909 [egg-schedule]: register schedule /Users/gaojianbo/Documents/private/keep_growing_server/node_modules/egg-logrotator/app/schedule/rotate_by_file.js
2020-12-02 18:52:06,603 INFO 68029 [egg-schedule]: register schedule /Users/gaojianbo/Documents/private/keep_growing_server/node_modules/egg-multipart/app/schedule/clean_tmpdir.js
2020-12-02 18:52:06,603 INFO 68029 [egg-schedule]: register schedule /Users/gaojianbo/Documents/private/keep_growing_server/node_modules/egg-logrotator/app/schedule/clean_log.js
2020-12-02 18:52:06,603 INFO 68029 [egg-schedule]: register schedule /Users/gaojianbo/Documents/private/keep_growing_server/node_modules/egg-logrotator/app/schedule/rotate_by_file.js
2020-12-02 18:52:07,818 INFO 68036 [egg-schedule]: register schedule /Users/gaojianbo/Documents/private/keep_growing_server/node_modules/egg-multipart/app/schedule/clean_tmpdir.js
2020-12-02 18:52:07,818 INFO 68036 [egg-schedule]: register schedule /Users/gaojianbo/Documents/private/keep_growing_server/node_modules/egg-logrotator/app/schedule/clean_log.js
2020-12-02 18:52:07,818 INFO 68036 [egg-schedule]: register schedule /Users/gaojianbo/Documents/private/keep_growing_server/node_modules/egg-logrotator/app/schedule/rotate_by_file.js
2020-12-02 18:53:21,579 INFO 68180 [egg-schedule]: register schedule /Users/gaojianbo/Documents/private/keep_growing_server/node_modules/egg-multipart/app/schedule/clean_tmpdir.js
2020-12-02 18:53:21,579 INFO 68180 [egg-schedule]: register schedule /Users/gaojianbo/Documents/private/keep_growing_server/node_modules/egg-logrotator/app/schedule/clean_log.js
2020-12-02 18:53:21,580 INFO 68180 [egg-schedule]: register schedule /Users/gaojianbo/Documents/private/keep_growing_server/node_modules/egg-logrotator/app/schedule/rotate_by_file.js
2020-12-02 18:53:25,757 INFO 68208 [egg-schedule]: register schedule /Users/gaojianbo/Documents/private/keep_growing_server/node_modules/egg-multipart/app/schedule/clean_tmpdir.js
2020-12-02 18:53:25,757 INFO 68208 [egg-schedule]: register schedule /Users/gaojianbo/Documents/private/keep_growing_server/node_modules/egg-logrotator/app/schedule/clean_log.js
2020-12-02 18:53:25,757 INFO 68208 [egg-schedule]: register schedule /Users/gaojianbo/Documents/private/keep_growing_server/node_modules/egg-logrotator/app/schedule/rotate_by_file.js
2020-12-02 18:53:28,819 INFO 68220 [egg-schedule]: register schedule /Users/gaojianbo/Documents/private/keep_growing_server/node_modules/egg-multipart/app/schedule/clean_tmpdir.js
2020-12-02 18:53:28,819 INFO 68220 [egg-schedule]: register schedule /Users/gaojianbo/Documents/private/keep_growing_server/node_modules/egg-logrotator/app/schedule/clean_log.js
2020-12-02 18:53:28,819 INFO 68220 [egg-schedule]: register schedule /Users/gaojianbo/Documents/private/keep_growing_server/node_modules/egg-logrotator/app/schedule/rotate_by_file.js
2020-12-02 18:53:59,939 INFO 68279 [egg-schedule]: register schedule /Users/gaojianbo/Documents/private/keep_growing_server/node_modules/egg-multipart/app/schedule/clean_tmpdir.js
2020-12-02 18:53:59,939 INFO 68279 [egg-schedule]: register schedule /Users/gaojianbo/Documents/private/keep_growing_server/node_modules/egg-logrotator/app/schedule/clean_log.js
2020-12-02 18:53:59,939 INFO 68279 [egg-schedule]: register schedule /Users/gaojianbo/Documents/private/keep_growing_server/node_modules/egg-logrotator/app/schedule/rotate_by_file.js
2020-12-02 18:54:01,193 INFO 68285 [egg-schedule]: register schedule /Users/gaojianbo/Documents/private/keep_growing_server/node_modules/egg-multipart/app/schedule/clean_tmpdir.js
2020-12-02 18:54:01,193 INFO 68285 [egg-schedule]: register schedule /Users/gaojianbo/Documents/private/keep_growing_server/node_modules/egg-logrotator/app/schedule/clean_log.js
2020-12-02 18:54:01,193 INFO 68285 [egg-schedule]: register schedule /Users/gaojianbo/Documents/private/keep_growing_server/node_modules/egg-logrotator/app/schedule/rotate_by_file.js
2020-12-02 18:58:39,615 INFO 68979 [egg-schedule]: register schedule /Users/gaojianbo/Documents/private/keep_growing_server/node_modules/egg-multipart/app/schedule/clean_tmpdir.js
2020-12-02 18:58:39,615 INFO 68979 [egg-schedule]: register schedule /Users/gaojianbo/Documents/private/keep_growing_server/node_modules/egg-logrotator/app/schedule/clean_log.js
2020-12-02 18:58:39,615 INFO 68979 [egg-schedule]: register schedule /Users/gaojianbo/Documents/private/keep_growing_server/node_modules/egg-logrotator/app/schedule/rotate_by_file.js
2020-12-02 18:58:48,853 INFO 69009 [egg-schedule]: register schedule /Users/gaojianbo/Documents/private/keep_growing_server/node_modules/egg-multipart/app/schedule/clean_tmpdir.js
2020-12-02 18:58:48,853 INFO 69009 [egg-schedule]: register schedule /Users/gaojianbo/Documents/private/keep_growing_server/node_modules/egg-logrotator/app/schedule/clean_log.js
2020-12-02 18:58:48,853 INFO 69009 [egg-schedule]: register schedule /Users/gaojianbo/Documents/private/keep_growing_server/node_modules/egg-logrotator/app/schedule/rotate_by_file.js
2020-12-02 18:59:23,468 INFO 69079 [egg-schedule]: register schedule /Users/gaojianbo/Documents/private/keep_growing_server/node_modules/egg-multipart/app/schedule/clean_tmpdir.js
2020-12-02 18:59:23,468 INFO 69079 [egg-schedule]: register schedule /Users/gaojianbo/Documents/private/keep_growing_server/node_modules/egg-logrotator/app/schedule/clean_log.js
2020-12-02 18:59:23,468 INFO 69079 [egg-schedule]: register schedule /Users/gaojianbo/Documents/private/keep_growing_server/node_modules/egg-logrotator/app/schedule/rotate_by_file.js
2020-12-02 18:59:24,550 INFO 69084 [egg-schedule]: register schedule /Users/gaojianbo/Documents/private/keep_growing_server/node_modules/egg-multipart/app/schedule/clean_tmpdir.js
2020-12-02 18:59:24,550 INFO 69084 [egg-schedule]: register schedule /Users/gaojianbo/Documents/private/keep_growing_server/node_modules/egg-logrotator/app/schedule/clean_log.js
2020-12-02 18:59:24,551 INFO 69084 [egg-schedule]: register schedule /Users/gaojianbo/Documents/private/keep_growing_server/node_modules/egg-logrotator/app/schedule/rotate_by_file.js
2020-12-02 18:59:30,079 INFO 69107 [egg-schedule]: register schedule /Users/gaojianbo/Documents/private/keep_growing_server/node_modules/egg-multipart/app/schedule/clean_tmpdir.js
2020-12-02 18:59:30,079 INFO 69107 [egg-schedule]: register schedule /Users/gaojianbo/Documents/private/keep_growing_server/node_modules/egg-logrotator/app/schedule/clean_log.js
2020-12-02 18:59:30,079 INFO 69107 [egg-schedule]: register schedule /Users/gaojianbo/Documents/private/keep_growing_server/node_modules/egg-logrotator/app/schedule/rotate_by_file.js
2020-12-02 18:59:32,092 INFO 69121 [egg-schedule]: register schedule /Users/gaojianbo/Documents/private/keep_growing_server/node_modules/egg-multipart/app/schedule/clean_tmpdir.js
2020-12-02 18:59:32,092 INFO 69121 [egg-schedule]: register schedule /Users/gaojianbo/Documents/private/keep_growing_server/node_modules/egg-logrotator/app/schedule/clean_log.js
2020-12-02 18:59:32,092 INFO 69121 [egg-schedule]: register schedule /Users/gaojianbo/Documents/private/keep_growing_server/node_modules/egg-logrotator/app/schedule/rotate_by_file.js
2020-12-02 18:59:35,968 INFO 69131 [egg-schedule]: register schedule /Users/gaojianbo/Documents/private/keep_growing_server/node_modules/egg-multipart/app/schedule/clean_tmpdir.js
2020-12-02 18:59:35,968 INFO 69131 [egg-schedule]: register schedule /Users/gaojianbo/Documents/private/keep_growing_server/node_modules/egg-logrotator/app/schedule/clean_log.js
2020-12-02 18:59:35,968 INFO 69131 [egg-schedule]: register schedule /Users/gaojianbo/Documents/private/keep_growing_server/node_modules/egg-logrotator/app/schedule/rotate_by_file.js
2020-12-02 19:00:11,132 INFO 69272 [egg-schedule]: register schedule /Users/gaojianbo/Documents/private/keep_growing_server/node_modules/egg-multipart/app/schedule/clean_tmpdir.js
2020-12-02 19:00:11,132 INFO 69272 [egg-schedule]: register schedule /Users/gaojianbo/Documents/private/keep_growing_server/node_modules/egg-logrotator/app/schedule/clean_log.js
2020-12-02 19:00:11,132 INFO 69272 [egg-schedule]: register schedule /Users/gaojianbo/Documents/private/keep_growing_server/node_modules/egg-logrotator/app/schedule/rotate_by_file.js
2020-12-02 19:00:14,513 INFO 69289 [egg-schedule]: register schedule /Users/gaojianbo/Documents/private/keep_growing_server/node_modules/egg-multipart/app/schedule/clean_tmpdir.js
2020-12-02 19:00:14,513 INFO 69289 [egg-schedule]: register schedule /Users/gaojianbo/Documents/private/keep_growing_server/node_modules/egg-logrotator/app/schedule/clean_log.js
2020-12-02 19:00:14,513 INFO 69289 [egg-schedule]: register schedule /Users/gaojianbo/Documents/private/keep_growing_server/node_modules/egg-logrotator/app/schedule/rotate_by_file.js
2020-12-02 19:00:26,428 INFO 69323 [egg-schedule]: register schedule /Users/gaojianbo/Documents/private/keep_growing_server/node_modules/egg-multipart/app/schedule/clean_tmpdir.js
2020-12-02 19:00:26,428 INFO 69323 [egg-schedule]: register schedule /Users/gaojianbo/Documents/private/keep_growing_server/node_modules/egg-logrotator/app/schedule/clean_log.js
2020-12-02 19:00:26,428 INFO 69323 [egg-schedule]: register schedule /Users/gaojianbo/Documents/private/keep_growing_server/node_modules/egg-logrotator/app/schedule/rotate_by_file.js
2020-12-02 19:00:34,176 INFO 69353 [egg-schedule]: register schedule /Users/gaojianbo/Documents/private/keep_growing_server/node_modules/egg-multipart/app/schedule/clean_tmpdir.js
2020-12-02 19:00:34,176 INFO 69353 [egg-schedule]: register schedule /Users/gaojianbo/Documents/private/keep_growing_server/node_modules/egg-logrotator/app/schedule/clean_log.js
2020-12-02 19:00:34,176 INFO 69353 [egg-schedule]: register schedule /Users/gaojianbo/Documents/private/keep_growing_server/node_modules/egg-logrotator/app/schedule/rotate_by_file.js
2020-12-02 19:00:41,518 INFO 69376 [egg-schedule]: register schedule /Users/gaojianbo/Documents/private/keep_growing_server/node_modules/egg-multipart/app/schedule/clean_tmpdir.js
2020-12-02 19:00:41,518 INFO 69376 [egg-schedule]: register schedule /Users/gaojianbo/Documents/private/keep_growing_server/node_modules/egg-logrotator/app/schedule/clean_log.js
2020-12-02 19:00:41,518 INFO 69376 [egg-schedule]: register schedule /Users/gaojianbo/Documents/private/keep_growing_server/node_modules/egg-logrotator/app/schedule/rotate_by_file.js
2020-12-02 19:00:42,370 INFO 69381 [egg-schedule]: register schedule /Users/gaojianbo/Documents/private/keep_growing_server/node_modules/egg-multipart/app/schedule/clean_tmpdir.js
2020-12-02 19:00:42,370 INFO 69381 [egg-schedule]: register schedule /Users/gaojianbo/Documents/private/keep_growing_server/node_modules/egg-logrotator/app/schedule/clean_log.js
2020-12-02 19:00:42,370 INFO 69381 [egg-schedule]: register schedule /Users/gaojianbo/Documents/private/keep_growing_server/node_modules/egg-logrotator/app/schedule/rotate_by_file.js
2020-12-02 19:00:51,399 INFO 69426 [egg-schedule]: register schedule /Users/gaojianbo/Documents/private/keep_growing_server/node_modules/egg-multipart/app/schedule/clean_tmpdir.js
2020-12-02 19:00:51,399 INFO 69426 [egg-schedule]: register schedule /Users/gaojianbo/Documents/private/keep_growing_server/node_modules/egg-logrotator/app/schedule/clean_log.js
2020-12-02 19:00:51,399 INFO 69426 [egg-schedule]: register schedule /Users/gaojianbo/Documents/private/keep_growing_server/node_modules/egg-logrotator/app/schedule/rotate_by_file.js
2020-12-02 19:01:02,587 INFO 69450 [egg-schedule]: register schedule /Users/gaojianbo/Documents/private/keep_growing_server/node_modules/egg-multipart/app/schedule/clean_tmpdir.js
2020-12-02 19:01:02,587 INFO 69450 [egg-schedule]: register schedule /Users/gaojianbo/Documents/private/keep_growing_server/node_modules/egg-logrotator/app/schedule/clean_log.js
2020-12-02 19:01:02,587 INFO 69450 [egg-schedule]: register schedule /Users/gaojianbo/Documents/private/keep_growing_server/node_modules/egg-logrotator/app/schedule/rotate_by_file.js
2020-12-02 19:01:04,866 INFO 69467 [egg-schedule]: register schedule /Users/gaojianbo/Documents/private/keep_growing_server/node_modules/egg-multipart/app/schedule/clean_tmpdir.js
2020-12-02 19:01:04,866 INFO 69467 [egg-schedule]: register schedule /Users/gaojianbo/Documents/private/keep_growing_server/node_modules/egg-logrotator/app/schedule/clean_log.js
2020-12-02 19:01:04,866 INFO 69467 [egg-schedule]: register schedule /Users/gaojianbo/Documents/private/keep_growing_server/node_modules/egg-logrotator/app/schedule/rotate_by_file.js
2020-12-02 19:01:08,982 INFO 69486 [egg-schedule]: register schedule /Users/gaojianbo/Documents/private/keep_growing_server/node_modules/egg-multipart/app/schedule/clean_tmpdir.js
2020-12-02 19:01:08,982 INFO 69486 [egg-schedule]: register schedule /Users/gaojianbo/Documents/private/keep_growing_server/node_modules/egg-logrotator/app/schedule/clean_log.js
2020-12-02 19:01:08,982 INFO 69486 [egg-schedule]: register schedule /Users/gaojianbo/Documents/private/keep_growing_server/node_modules/egg-logrotator/app/schedule/rotate_by_file.js
2020-12-02 19:01:16,432 INFO 69580 [egg-schedule]: register schedule /Users/gaojianbo/Documents/private/keep_growing_server/node_modules/egg-multipart/app/schedule/clean_tmpdir.js
2020-12-02 19:01:16,432 INFO 69580 [egg-schedule]: register schedule /Users/gaojianbo/Documents/private/keep_growing_server/node_modules/egg-logrotator/app/schedule/clean_log.js
2020-12-02 19:01:16,432 INFO 69580 [egg-schedule]: register schedule /Users/gaojianbo/Documents/private/keep_growing_server/node_modules/egg-logrotator/app/schedule/rotate_by_file.js
2020-12-02 19:01:24,449 INFO 69614 [egg-schedule]: register schedule /Users/gaojianbo/Documents/private/keep_growing_server/node_modules/egg-multipart/app/schedule/clean_tmpdir.js
2020-12-02 19:01:24,449 INFO 69614 [egg-schedule]: register schedule /Users/gaojianbo/Documents/private/keep_growing_server/node_modules/egg-logrotator/app/schedule/clean_log.js
2020-12-02 19:01:24,450 INFO 69614 [egg-schedule]: register schedule /Users/gaojianbo/Documents/private/keep_growing_server/node_modules/egg-logrotator/app/schedule/rotate_by_file.js
2020-12-02 19:01:27,743 INFO 69629 [egg-schedule]: register schedule /Users/gaojianbo/Documents/private/keep_growing_server/node_modules/egg-multipart/app/schedule/clean_tmpdir.js
2020-12-02 19:01:27,743 INFO 69629 [egg-schedule]: register schedule /Users/gaojianbo/Documents/private/keep_growing_server/node_modules/egg-logrotator/app/schedule/clean_log.js
2020-12-02 19:01:27,743 INFO 69629 [egg-schedule]: register schedule /Users/gaojianbo/Documents/private/keep_growing_server/node_modules/egg-logrotator/app/schedule/rotate_by_file.js
2020-12-02 19:01:43,102 INFO 69661 [egg-schedule]: register schedule /Users/gaojianbo/Documents/private/keep_growing_server/node_modules/egg-multipart/app/schedule/clean_tmpdir.js
2020-12-02 19:01:43,102 INFO 69661 [egg-schedule]: register schedule /Users/gaojianbo/Documents/private/keep_growing_server/node_modules/egg-logrotator/app/schedule/clean_log.js
2020-12-02 19:01:43,102 INFO 69661 [egg-schedule]: register schedule /Users/gaojianbo/Documents/private/keep_growing_server/node_modules/egg-logrotator/app/schedule/rotate_by_file.js
2020-12-02 19:04:38,149 INFO 70116 [egg-schedule]: register schedule /Users/gaojianbo/Documents/private/keep_growing_server/node_modules/egg-multipart/app/schedule/clean_tmpdir.js
2020-12-02 19:04:38,149 INFO 70116 [egg-schedule]: register schedule /Users/gaojianbo/Documents/private/keep_growing_server/node_modules/egg-logrotator/app/schedule/clean_log.js
2020-12-02 19:04:38,149 INFO 70116 [egg-schedule]: register schedule /Users/gaojianbo/Documents/private/keep_growing_server/node_modules/egg-logrotator/app/schedule/rotate_by_file.js
2020-12-02 19:04:41,939 INFO 70135 [egg-schedule]: register schedule /Users/gaojianbo/Documents/private/keep_growing_server/node_modules/egg-multipart/app/schedule/clean_tmpdir.js
2020-12-02 19:04:41,939 INFO 70135 [egg-schedule]: register schedule /Users/gaojianbo/Documents/private/keep_growing_server/node_modules/egg-logrotator/app/schedule/clean_log.js
2020-12-02 19:04:41,939 INFO 70135 [egg-schedule]: register schedule /Users/gaojianbo/Documents/private/keep_growing_server/node_modules/egg-logrotator/app/schedule/rotate_by_file.js
2020-12-02 19:05:09,526 INFO 70185 [egg-schedule]: register schedule /Users/gaojianbo/Documents/private/keep_growing_server/node_modules/egg-multipart/app/schedule/clean_tmpdir.js
2020-12-02 19:05:09,526 INFO 70185 [egg-schedule]: register schedule /Users/gaojianbo/Documents/private/keep_growing_server/node_modules/egg-logrotator/app/schedule/clean_log.js
2020-12-02 19:05:09,526 INFO 70185 [egg-schedule]: register schedule /Users/gaojianbo/Documents/private/keep_growing_server/node_modules/egg-logrotator/app/schedule/rotate_by_file.js
2020-12-02 19:15:08,390 INFO 71628 [egg-schedule]: register schedule /Users/gaojianbo/Documents/private/keep_growing_server/node_modules/egg-multipart/app/schedule/clean_tmpdir.js
2020-12-02 19:15:08,390 INFO 71628 [egg-schedule]: register schedule /Users/gaojianbo/Documents/private/keep_growing_server/node_modules/egg-logrotator/app/schedule/clean_log.js
2020-12-02 19:15:08,390 INFO 71628 [egg-schedule]: register schedule /Users/gaojianbo/Documents/private/keep_growing_server/node_modules/egg-logrotator/app/schedule/rotate_by_file.js
2020-12-02 19:15:10,991 INFO 71648 [egg-schedule]: register schedule /Users/gaojianbo/Documents/private/keep_growing_server/node_modules/egg-multipart/app/schedule/clean_tmpdir.js
2020-12-02 19:15:10,991 INFO 71648 [egg-schedule]: register schedule /Users/gaojianbo/Documents/private/keep_growing_server/node_modules/egg-logrotator/app/schedule/clean_log.js
2020-12-02 19:15:10,991 INFO 71648 [egg-schedule]: register schedule /Users/gaojianbo/Documents/private/keep_growing_server/node_modules/egg-logrotator/app/schedule/rotate_by_file.js
2020-12-02 19:16:11,253 INFO 71807 [egg-schedule]: register schedule /Users/gaojianbo/Documents/private/keep_growing_server/node_modules/egg-multipart/app/schedule/clean_tmpdir.js
2020-12-02 19:16:11,253 INFO 71807 [egg-schedule]: register schedule /Users/gaojianbo/Documents/private/keep_growing_server/node_modules/egg-logrotator/app/schedule/clean_log.js
2020-12-02 19:16:11,253 INFO 71807 [egg-schedule]: register schedule /Users/gaojianbo/Documents/private/keep_growing_server/node_modules/egg-logrotator/app/schedule/rotate_by_file.js
2020-12-02 19:16:12,619 INFO 71820 [egg-schedule]: register schedule /Users/gaojianbo/Documents/private/keep_growing_server/node_modules/egg-multipart/app/schedule/clean_tmpdir.js
2020-12-02 19:16:12,619 INFO 71820 [egg-schedule]: register schedule /Users/gaojianbo/Documents/private/keep_growing_server/node_modules/egg-logrotator/app/schedule/clean_log.js
2020-12-02 19:16:12,619 INFO 71820 [egg-schedule]: register schedule /Users/gaojianbo/Documents/private/keep_growing_server/node_modules/egg-logrotator/app/schedule/rotate_by_file.js
2020-12-02 19:16:34,942 INFO 71867 [egg-schedule]: register schedule /Users/gaojianbo/Documents/private/keep_growing_server/node_modules/egg-multipart/app/schedule/clean_tmpdir.js
2020-12-02 19:16:34,942 INFO 71867 [egg-schedule]: register schedule /Users/gaojianbo/Documents/private/keep_growing_server/node_modules/egg-logrotator/app/schedule/clean_log.js
2020-12-02 19:16:34,942 INFO 71867 [egg-schedule]: register schedule /Users/gaojianbo/Documents/private/keep_growing_server/node_modules/egg-logrotator/app/schedule/rotate_by_file.js
2020-12-02 19:17:02,495 INFO 71917 [egg-schedule]: register schedule /Users/gaojianbo/Documents/private/keep_growing_server/node_modules/egg-multipart/app/schedule/clean_tmpdir.js
2020-12-02 19:17:02,495 INFO 71917 [egg-schedule]: register schedule /Users/gaojianbo/Documents/private/keep_growing_server/node_modules/egg-logrotator/app/schedule/clean_log.js
2020-12-02 19:17:02,495 INFO 71917 [egg-schedule]: register schedule /Users/gaojianbo/Documents/private/keep_growing_server/node_modules/egg-logrotator/app/schedule/rotate_by_file.js
2020-12-02 19:20:18,145 INFO 72287 [egg-schedule]: register schedule /Users/gaojianbo/Documents/private/keep_growing_server/node_modules/egg-multipart/app/schedule/clean_tmpdir.js
2020-12-02 19:20:18,145 INFO 72287 [egg-schedule]: register schedule /Users/gaojianbo/Documents/private/keep_growing_server/node_modules/egg-logrotator/app/schedule/clean_log.js
2020-12-02 19:20:18,145 INFO 72287 [egg-schedule]: register schedule /Users/gaojianbo/Documents/private/keep_growing_server/node_modules/egg-logrotator/app/schedule/rotate_by_file.js
2020-12-02 19:20:20,382 INFO 72300 [egg-schedule]: register schedule /Users/gaojianbo/Documents/private/keep_growing_server/node_modules/egg-multipart/app/schedule/clean_tmpdir.js
2020-12-02 19:20:20,382 INFO 72300 [egg-schedule]: register schedule /Users/gaojianbo/Documents/private/keep_growing_server/node_modules/egg-logrotator/app/schedule/clean_log.js
2020-12-02 19:20:20,382 INFO 72300 [egg-schedule]: register schedule /Users/gaojianbo/Documents/private/keep_growing_server/node_modules/egg-logrotator/app/schedule/rotate_by_file.js
2020-12-02 19:21:25,723 INFO 72416 [egg-schedule]: register schedule /Users/gaojianbo/Documents/private/keep_growing_server/node_modules/egg-multipart/app/schedule/clean_tmpdir.js
2020-12-02 19:21:25,723 INFO 72416 [egg-schedule]: register schedule /Users/gaojianbo/Documents/private/keep_growing_server/node_modules/egg-logrotator/app/schedule/clean_log.js
2020-12-02 19:21:25,723 INFO 72416 [egg-schedule]: register schedule /Users/gaojianbo/Documents/private/keep_growing_server/node_modules/egg-logrotator/app/schedule/rotate_by_file.js
2020-12-02 19:21:57,790 INFO 72477 [egg-schedule]: register schedule /Users/gaojianbo/Documents/private/keep_growing_server/node_modules/egg-multipart/app/schedule/clean_tmpdir.js
2020-12-02 19:21:57,790 INFO 72477 [egg-schedule]: register schedule /Users/gaojianbo/Documents/private/keep_growing_server/node_modules/egg-logrotator/app/schedule/clean_log.js
2020-12-02 19:21:57,790 INFO 72477 [egg-schedule]: register schedule /Users/gaojianbo/Documents/private/keep_growing_server/node_modules/egg-logrotator/app/schedule/rotate_by_file.js
2020-12-02 19:21:59,597 INFO 72485 [egg-schedule]: register schedule /Users/gaojianbo/Documents/private/keep_growing_server/node_modules/egg-multipart/app/schedule/clean_tmpdir.js
2020-12-02 19:21:59,597 INFO 72485 [egg-schedule]: register schedule /Users/gaojianbo/Documents/private/keep_growing_server/node_modules/egg-logrotator/app/schedule/clean_log.js
2020-12-02 19:21:59,597 INFO 72485 [egg-schedule]: register schedule /Users/gaojianbo/Documents/private/keep_growing_server/node_modules/egg-logrotator/app/schedule/rotate_by_file.js
2020-12-02 19:22:02,586 INFO 72500 [egg-schedule]: register schedule /Users/gaojianbo/Documents/private/keep_growing_server/node_modules/egg-multipart/app/schedule/clean_tmpdir.js
2020-12-02 19:22:02,586 INFO 72500 [egg-schedule]: register schedule /Users/gaojianbo/Documents/private/keep_growing_server/node_modules/egg-logrotator/app/schedule/clean_log.js
2020-12-02 19:22:02,586 INFO 72500 [egg-schedule]: register schedule /Users/gaojianbo/Documents/private/keep_growing_server/node_modules/egg-logrotator/app/schedule/rotate_by_file.js
2020-12-02 19:22:05,149 INFO 72509 [egg-schedule]: register schedule /Users/gaojianbo/Documents/private/keep_growing_server/node_modules/egg-multipart/app/schedule/clean_tmpdir.js
2020-12-02 19:22:05,149 INFO 72509 [egg-schedule]: register schedule /Users/gaojianbo/Documents/private/keep_growing_server/node_modules/egg-logrotator/app/schedule/clean_log.js
2020-12-02 19:22:05,149 INFO 72509 [egg-schedule]: register schedule /Users/gaojianbo/Documents/private/keep_growing_server/node_modules/egg-logrotator/app/schedule/rotate_by_file.js
2020-12-02 19:22:20,300 INFO 72552 [egg-schedule]: register schedule /Users/gaojianbo/Documents/private/keep_growing_server/node_modules/egg-multipart/app/schedule/clean_tmpdir.js
2020-12-02 19:22:20,300 INFO 72552 [egg-schedule]: register schedule /Users/gaojianbo/Documents/private/keep_growing_server/node_modules/egg-logrotator/app/schedule/clean_log.js
2020-12-02 19:22:20,300 INFO 72552 [egg-schedule]: register schedule /Users/gaojianbo/Documents/private/keep_growing_server/node_modules/egg-logrotator/app/schedule/rotate_by_file.js
2020-12-02 19:22:26,943 INFO 72571 [egg-schedule]: register schedule /Users/gaojianbo/Documents/private/keep_growing_server/node_modules/egg-multipart/app/schedule/clean_tmpdir.js
2020-12-02 19:22:26,943 INFO 72571 [egg-schedule]: register schedule /Users/gaojianbo/Documents/private/keep_growing_server/node_modules/egg-logrotator/app/schedule/clean_log.js
2020-12-02 19:22:26,943 INFO 72571 [egg-schedule]: register schedule /Users/gaojianbo/Documents/private/keep_growing_server/node_modules/egg-logrotator/app/schedule/rotate_by_file.js
2020-12-02 19:22:31,644 INFO 72589 [egg-schedule]: register schedule /Users/gaojianbo/Documents/private/keep_growing_server/node_modules/egg-multipart/app/schedule/clean_tmpdir.js
2020-12-02 19:22:31,644 INFO 72589 [egg-schedule]: register schedule /Users/gaojianbo/Documents/private/keep_growing_server/node_modules/egg-logrotator/app/schedule/clean_log.js
2020-12-02 19:22:31,644 INFO 72589 [egg-schedule]: register schedule /Users/gaojianbo/Documents/private/keep_growing_server/node_modules/egg-logrotator/app/schedule/rotate_by_file.js
2020-12-02 19:22:33,529 INFO 72598 [egg-schedule]: register schedule /Users/gaojianbo/Documents/private/keep_growing_server/node_modules/egg-multipart/app/schedule/clean_tmpdir.js
2020-12-02 19:22:33,529 INFO 72598 [egg-schedule]: register schedule /Users/gaojianbo/Documents/private/keep_growing_server/node_modules/egg-logrotator/app/schedule/clean_log.js
2020-12-02 19:22:33,529 INFO 72598 [egg-schedule]: register schedule /Users/gaojianbo/Documents/private/keep_growing_server/node_modules/egg-logrotator/app/schedule/rotate_by_file.js
2020-12-02 19:22:35,311 INFO 72612 [egg-schedule]: register schedule /Users/gaojianbo/Documents/private/keep_growing_server/node_modules/egg-multipart/app/schedule/clean_tmpdir.js
2020-12-02 19:22:35,311 INFO 72612 [egg-schedule]: register schedule /Users/gaojianbo/Documents/private/keep_growing_server/node_modules/egg-logrotator/app/schedule/clean_log.js
2020-12-02 19:22:35,311 INFO 72612 [egg-schedule]: register schedule /Users/gaojianbo/Documents/private/keep_growing_server/node_modules/egg-logrotator/app/schedule/rotate_by_file.js
2020-12-02 19:22:37,717 INFO 72621 [egg-schedule]: register schedule /Users/gaojianbo/Documents/private/keep_growing_server/node_modules/egg-multipart/app/schedule/clean_tmpdir.js
2020-12-02 19:22:37,717 INFO 72621 [egg-schedule]: register schedule /Users/gaojianbo/Documents/private/keep_growing_server/node_modules/egg-logrotator/app/schedule/clean_log.js
2020-12-02 19:22:37,717 INFO 72621 [egg-schedule]: register schedule /Users/gaojianbo/Documents/private/keep_growing_server/node_modules/egg-logrotator/app/schedule/rotate_by_file.js
2020-12-02 19:22:40,026 INFO 72635 [egg-schedule]: register schedule /Users/gaojianbo/Documents/private/keep_growing_server/node_modules/egg-multipart/app/schedule/clean_tmpdir.js
2020-12-02 19:22:40,026 INFO 72635 [egg-schedule]: register schedule /Users/gaojianbo/Documents/private/keep_growing_server/node_modules/egg-logrotator/app/schedule/clean_log.js
2020-12-02 19:22:40,026 INFO 72635 [egg-schedule]: register schedule /Users/gaojianbo/Documents/private/keep_growing_server/node_modules/egg-logrotator/app/schedule/rotate_by_file.js
2020-12-02 19:22:42,807 INFO 72644 [egg-schedule]: register schedule /Users/gaojianbo/Documents/private/keep_growing_server/node_modules/egg-multipart/app/schedule/clean_tmpdir.js
2020-12-02 19:22:42,807 INFO 72644 [egg-schedule]: register schedule /Users/gaojianbo/Documents/private/keep_growing_server/node_modules/egg-logrotator/app/schedule/clean_log.js
2020-12-02 19:22:42,807 INFO 72644 [egg-schedule]: register schedule /Users/gaojianbo/Documents/private/keep_growing_server/node_modules/egg-logrotator/app/schedule/rotate_by_file.js
2020-12-02 19:22:50,157 INFO 72678 [egg-schedule]: register schedule /Users/gaojianbo/Documents/private/keep_growing_server/node_modules/egg-multipart/app/schedule/clean_tmpdir.js
2020-12-02 19:22:50,157 INFO 72678 [egg-schedule]: register schedule /Users/gaojianbo/Documents/private/keep_growing_server/node_modules/egg-logrotator/app/schedule/clean_log.js
2020-12-02 19:22:50,157 INFO 72678 [egg-schedule]: register schedule /Users/gaojianbo/Documents/private/keep_growing_server/node_modules/egg-logrotator/app/schedule/rotate_by_file.js
2020-12-02 19:22:53,339 INFO 72693 [egg-schedule]: register schedule /Users/gaojianbo/Documents/private/keep_growing_server/node_modules/egg-multipart/app/schedule/clean_tmpdir.js
2020-12-02 19:22:53,339 INFO 72693 [egg-schedule]: register schedule /Users/gaojianbo/Documents/private/keep_growing_server/node_modules/egg-logrotator/app/schedule/clean_log.js
2020-12-02 19:22:53,339 INFO 72693 [egg-schedule]: register schedule /Users/gaojianbo/Documents/private/keep_growing_server/node_modules/egg-logrotator/app/schedule/rotate_by_file.js
2020-12-02 19:22:57,490 INFO 72720 [egg-schedule]: register schedule /Users/gaojianbo/Documents/private/keep_growing_server/node_modules/egg-multipart/app/schedule/clean_tmpdir.js
2020-12-02 19:22:57,490 INFO 72720 [egg-schedule]: register schedule /Users/gaojianbo/Documents/private/keep_growing_server/node_modules/egg-logrotator/app/schedule/clean_log.js
2020-12-02 19:22:57,490 INFO 72720 [egg-schedule]: register schedule /Users/gaojianbo/Documents/private/keep_growing_server/node_modules/egg-logrotator/app/schedule/rotate_by_file.js
2020-12-02 19:22:59,772 INFO 72749 [egg-schedule]: register schedule /Users/gaojianbo/Documents/private/keep_growing_server/node_modules/egg-multipart/app/schedule/clean_tmpdir.js
2020-12-02 19:22:59,772 INFO 72749 [egg-schedule]: register schedule /Users/gaojianbo/Documents/private/keep_growing_server/node_modules/egg-logrotator/app/schedule/clean_log.js
2020-12-02 19:22:59,772 INFO 72749 [egg-schedule]: register schedule /Users/gaojianbo/Documents/private/keep_growing_server/node_modules/egg-logrotator/app/schedule/rotate_by_file.js
2020-12-02 19:23:01,683 INFO 72822 [egg-schedule]: register schedule /Users/gaojianbo/Documents/private/keep_growing_server/node_modules/egg-multipart/app/schedule/clean_tmpdir.js
2020-12-02 19:23:01,683 INFO 72822 [egg-schedule]: register schedule /Users/gaojianbo/Documents/private/keep_growing_server/node_modules/egg-logrotator/app/schedule/clean_log.js
2020-12-02 19:23:01,683 INFO 72822 [egg-schedule]: register schedule /Users/gaojianbo/Documents/private/keep_growing_server/node_modules/egg-logrotator/app/schedule/rotate_by_file.js
2020-12-02 19:23:03,490 INFO 72828 [egg-schedule]: register schedule /Users/gaojianbo/Documents/private/keep_growing_server/node_modules/egg-multipart/app/schedule/clean_tmpdir.js
2020-12-02 19:23:03,490 INFO 72828 [egg-schedule]: register schedule /Users/gaojianbo/Documents/private/keep_growing_server/node_modules/egg-logrotator/app/schedule/clean_log.js
2020-12-02 19:23:03,490 INFO 72828 [egg-schedule]: register schedule /Users/gaojianbo/Documents/private/keep_growing_server/node_modules/egg-logrotator/app/schedule/rotate_by_file.js
2020-12-02 19:23:15,866 INFO 72863 [egg-schedule]: register schedule /Users/gaojianbo/Documents/private/keep_growing_server/node_modules/egg-multipart/app/schedule/clean_tmpdir.js
2020-12-02 19:23:15,866 INFO 72863 [egg-schedule]: register schedule /Users/gaojianbo/Documents/private/keep_growing_server/node_modules/egg-logrotator/app/schedule/clean_log.js
2020-12-02 19:23:15,866 INFO 72863 [egg-schedule]: register schedule /Users/gaojianbo/Documents/private/keep_growing_server/node_modules/egg-logrotator/app/schedule/rotate_by_file.js
2020-12-02 19:23:17,889 INFO 72883 [egg-schedule]: register schedule /Users/gaojianbo/Documents/private/keep_growing_server/node_modules/egg-multipart/app/schedule/clean_tmpdir.js
2020-12-02 19:23:17,889 INFO 72883 [egg-schedule]: register schedule /Users/gaojianbo/Documents/private/keep_growing_server/node_modules/egg-logrotator/app/schedule/clean_log.js
2020-12-02 19:23:17,889 INFO 72883 [egg-schedule]: register schedule /Users/gaojianbo/Documents/private/keep_growing_server/node_modules/egg-logrotator/app/schedule/rotate_by_file.js
2020-12-02 19:23:22,762 INFO 72901 [egg-schedule]: register schedule /Users/gaojianbo/Documents/private/keep_growing_server/node_modules/egg-multipart/app/schedule/clean_tmpdir.js
2020-12-02 19:23:22,762 INFO 72901 [egg-schedule]: register schedule /Users/gaojianbo/Documents/private/keep_growing_server/node_modules/egg-logrotator/app/schedule/clean_log.js
2020-12-02 19:23:22,762 INFO 72901 [egg-schedule]: register schedule /Users/gaojianbo/Documents/private/keep_growing_server/node_modules/egg-logrotator/app/schedule/rotate_by_file.js
2020-12-02 19:23:24,302 INFO 72907 [egg-schedule]: register schedule /Users/gaojianbo/Documents/private/keep_growing_server/node_modules/egg-multipart/app/schedule/clean_tmpdir.js
2020-12-02 19:23:24,302 INFO 72907 [egg-schedule]: register schedule /Users/gaojianbo/Documents/private/keep_growing_server/node_modules/egg-logrotator/app/schedule/clean_log.js
2020-12-02 19:23:24,302 INFO 72907 [egg-schedule]: register schedule /Users/gaojianbo/Documents/private/keep_growing_server/node_modules/egg-logrotator/app/schedule/rotate_by_file.js
2020-12-02 19:23:26,011 INFO 72916 [egg-schedule]: register schedule /Users/gaojianbo/Documents/private/keep_growing_server/node_modules/egg-multipart/app/schedule/clean_tmpdir.js
2020-12-02 19:23:26,011 INFO 72916 [egg-schedule]: register schedule /Users/gaojianbo/Documents/private/keep_growing_server/node_modules/egg-logrotator/app/schedule/clean_log.js
2020-12-02 19:23:26,011 INFO 72916 [egg-schedule]: register schedule /Users/gaojianbo/Documents/private/keep_growing_server/node_modules/egg-logrotator/app/schedule/rotate_by_file.js
2020-12-02 19:24:46,603 INFO 73050 [egg-schedule]: register schedule /Users/gaojianbo/Documents/private/keep_growing_server/node_modules/egg-multipart/app/schedule/clean_tmpdir.js
2020-12-02 19:24:46,603 INFO 73050 [egg-schedule]: register schedule /Users/gaojianbo/Documents/private/keep_growing_server/node_modules/egg-logrotator/app/schedule/clean_log.js
2020-12-02 19:24:46,603 INFO 73050 [egg-schedule]: register schedule /Users/gaojianbo/Documents/private/keep_growing_server/node_modules/egg-logrotator/app/schedule/rotate_by_file.js
2020-12-02 19:24:51,841 INFO 73074 [egg-schedule]: register schedule /Users/gaojianbo/Documents/private/keep_growing_server/node_modules/egg-multipart/app/schedule/clean_tmpdir.js
2020-12-02 19:24:51,841 INFO 73074 [egg-schedule]: register schedule /Users/gaojianbo/Documents/private/keep_growing_server/node_modules/egg-logrotator/app/schedule/clean_log.js
2020-12-02 19:24:51,841 INFO 73074 [egg-schedule]: register schedule /Users/gaojianbo/Documents/private/keep_growing_server/node_modules/egg-logrotator/app/schedule/rotate_by_file.js
2020-12-02 19:25:09,970 INFO 73119 [egg-schedule]: register schedule /Users/gaojianbo/Documents/private/keep_growing_server/node_modules/egg-multipart/app/schedule/clean_tmpdir.js
2020-12-02 19:25:09,970 INFO 73119 [egg-schedule]: register schedule /Users/gaojianbo/Documents/private/keep_growing_server/node_modules/egg-logrotator/app/schedule/clean_log.js
2020-12-02 19:25:09,970 INFO 73119 [egg-schedule]: register schedule /Users/gaojianbo/Documents/private/keep_growing_server/node_modules/egg-logrotator/app/schedule/rotate_by_file.js
2020-12-02 19:26:43,070 INFO 73354 [egg-schedule]: register schedule /Users/gaojianbo/Documents/private/keep_growing_server/node_modules/egg-multipart/app/schedule/clean_tmpdir.js
2020-12-02 19:26:43,070 INFO 73354 [egg-schedule]: register schedule /Users/gaojianbo/Documents/private/keep_growing_server/node_modules/egg-logrotator/app/schedule/clean_log.js
2020-12-02 19:26:43,070 INFO 73354 [egg-schedule]: register schedule /Users/gaojianbo/Documents/private/keep_growing_server/node_modules/egg-logrotator/app/schedule/rotate_by_file.js
2020-12-02 19:27:37,372 INFO 73450 [egg-schedule]: register schedule /Users/gaojianbo/Documents/private/keep_growing_server/node_modules/egg-multipart/app/schedule/clean_tmpdir.js
2020-12-02 19:27:37,372 INFO 73450 [egg-schedule]: register schedule /Users/gaojianbo/Documents/private/keep_growing_server/node_modules/egg-logrotator/app/schedule/clean_log.js
2020-12-02 19:27:37,372 INFO 73450 [egg-schedule]: register schedule /Users/gaojianbo/Documents/private/keep_growing_server/node_modules/egg-logrotator/app/schedule/rotate_by_file.js
2020-12-02 19:30:38,095 INFO 73837 [egg-schedule]: register schedule /Users/gaojianbo/Documents/private/keep_growing_server/node_modules/egg-multipart/app/schedule/clean_tmpdir.js
2020-12-02 19:30:38,095 INFO 73837 [egg-schedule]: register schedule /Users/gaojianbo/Documents/private/keep_growing_server/node_modules/egg-logrotator/app/schedule/clean_log.js
2020-12-02 19:30:38,095 INFO 73837 [egg-schedule]: register schedule /Users/gaojianbo/Documents/private/keep_growing_server/node_modules/egg-logrotator/app/schedule/rotate_by_file.js
2020-12-02 19:30:40,079 INFO 73846 [egg-schedule]: register schedule /Users/gaojianbo/Documents/private/keep_growing_server/node_modules/egg-multipart/app/schedule/clean_tmpdir.js
2020-12-02 19:30:40,079 INFO 73846 [egg-schedule]: register schedule /Users/gaojianbo/Documents/private/keep_growing_server/node_modules/egg-logrotator/app/schedule/clean_log.js
2020-12-02 19:30:40,079 INFO 73846 [egg-schedule]: register schedule /Users/gaojianbo/Documents/private/keep_growing_server/node_modules/egg-logrotator/app/schedule/rotate_by_file.js
2020-12-02 19:30:43,264 INFO 73866 [egg-schedule]: register schedule /Users/gaojianbo/Documents/private/keep_growing_server/node_modules/egg-multipart/app/schedule/clean_tmpdir.js
2020-12-02 19:30:43,264 INFO 73866 [egg-schedule]: register schedule /Users/gaojianbo/Documents/private/keep_growing_server/node_modules/egg-logrotator/app/schedule/clean_log.js
2020-12-02 19:30:43,264 INFO 73866 [egg-schedule]: register schedule /Users/gaojianbo/Documents/private/keep_growing_server/node_modules/egg-logrotator/app/schedule/rotate_by_file.js
2020-12-02 19:30:45,367 INFO 73872 [egg-schedule]: register schedule /Users/gaojianbo/Documents/private/keep_growing_server/node_modules/egg-multipart/app/schedule/clean_tmpdir.js
2020-12-02 19:30:45,367 INFO 73872 [egg-schedule]: register schedule /Users/gaojianbo/Documents/private/keep_growing_server/node_modules/egg-logrotator/app/schedule/clean_log.js
2020-12-02 19:30:45,367 INFO 73872 [egg-schedule]: register schedule /Users/gaojianbo/Documents/private/keep_growing_server/node_modules/egg-logrotator/app/schedule/rotate_by_file.js
2020-12-02 19:30:46,617 INFO 73892 [egg-schedule]: register schedule /Users/gaojianbo/Documents/private/keep_growing_server/node_modules/egg-multipart/app/schedule/clean_tmpdir.js
2020-12-02 19:30:46,617 INFO 73892 [egg-schedule]: register schedule /Users/gaojianbo/Documents/private/keep_growing_server/node_modules/egg-logrotator/app/schedule/clean_log.js
2020-12-02 19:30:46,617 INFO 73892 [egg-schedule]: register schedule /Users/gaojianbo/Documents/private/keep_growing_server/node_modules/egg-logrotator/app/schedule/rotate_by_file.js
2020-12-02 19:30:48,601 INFO 73897 [egg-schedule]: register schedule /Users/gaojianbo/Documents/private/keep_growing_server/node_modules/egg-multipart/app/schedule/clean_tmpdir.js
2020-12-02 19:30:48,601 INFO 73897 [egg-schedule]: register schedule /Users/gaojianbo/Documents/private/keep_growing_server/node_modules/egg-logrotator/app/schedule/clean_log.js
2020-12-02 19:30:48,601 INFO 73897 [egg-schedule]: register schedule /Users/gaojianbo/Documents/private/keep_growing_server/node_modules/egg-logrotator/app/schedule/rotate_by_file.js
2020-12-02 19:31:41,484 INFO 73981 [egg-schedule]: register schedule /Users/gaojianbo/Documents/private/keep_growing_server/node_modules/egg-multipart/app/schedule/clean_tmpdir.js
2020-12-02 19:31:41,484 INFO 73981 [egg-schedule]: register schedule /Users/gaojianbo/Documents/private/keep_growing_server/node_modules/egg-logrotator/app/schedule/clean_log.js
2020-12-02 19:31:41,484 INFO 73981 [egg-schedule]: register schedule /Users/gaojianbo/Documents/private/keep_growing_server/node_modules/egg-logrotator/app/schedule/rotate_by_file.js
2020-12-02 19:31:44,314 INFO 73999 [egg-schedule]: register schedule /Users/gaojianbo/Documents/private/keep_growing_server/node_modules/egg-multipart/app/schedule/clean_tmpdir.js
2020-12-02 19:31:44,314 INFO 73999 [egg-schedule]: register schedule /Users/gaojianbo/Documents/private/keep_growing_server/node_modules/egg-logrotator/app/schedule/clean_log.js
2020-12-02 19:31:44,314 INFO 73999 [egg-schedule]: register schedule /Users/gaojianbo/Documents/private/keep_growing_server/node_modules/egg-logrotator/app/schedule/rotate_by_file.js
2020-12-02 19:32:03,157 INFO 74035 [egg-schedule]: register schedule /Users/gaojianbo/Documents/private/keep_growing_server/node_modules/egg-multipart/app/schedule/clean_tmpdir.js
2020-12-02 19:32:03,157 INFO 74035 [egg-schedule]: register schedule /Users/gaojianbo/Documents/private/keep_growing_server/node_modules/egg-logrotator/app/schedule/clean_log.js
2020-12-02 19:32:03,157 INFO 74035 [egg-schedule]: register schedule /Users/gaojianbo/Documents/private/keep_growing_server/node_modules/egg-logrotator/app/schedule/rotate_by_file.js
2020-12-02 19:32:04,712 INFO 74044 [egg-schedule]: register schedule /Users/gaojianbo/Documents/private/keep_growing_server/node_modules/egg-multipart/app/schedule/clean_tmpdir.js
2020-12-02 19:32:04,712 INFO 74044 [egg-schedule]: register schedule /Users/gaojianbo/Documents/private/keep_growing_server/node_modules/egg-logrotator/app/schedule/clean_log.js
2020-12-02 19:32:04,712 INFO 74044 [egg-schedule]: register schedule /Users/gaojianbo/Documents/private/keep_growing_server/node_modules/egg-logrotator/app/schedule/rotate_by_file.js
2020-12-02 19:32:25,705 INFO 74094 [egg-schedule]: register schedule /Users/gaojianbo/Documents/private/keep_growing_server/node_modules/egg-multipart/app/schedule/clean_tmpdir.js
2020-12-02 19:32:25,705 INFO 74094 [egg-schedule]: register schedule /Users/gaojianbo/Documents/private/keep_growing_server/node_modules/egg-logrotator/app/schedule/clean_log.js
2020-12-02 19:32:25,705 INFO 74094 [egg-schedule]: register schedule /Users/gaojianbo/Documents/private/keep_growing_server/node_modules/egg-logrotator/app/schedule/rotate_by_file.js
2020-12-02 19:32:32,375 INFO 74113 [egg-schedule]: register schedule /Users/gaojianbo/Documents/private/keep_growing_server/node_modules/egg-multipart/app/schedule/clean_tmpdir.js
2020-12-02 19:32:32,375 INFO 74113 [egg-schedule]: register schedule /Users/gaojianbo/Documents/private/keep_growing_server/node_modules/egg-logrotator/app/schedule/clean_log.js
2020-12-02 19:32:32,375 INFO 74113 [egg-schedule]: register schedule /Users/gaojianbo/Documents/private/keep_growing_server/node_modules/egg-logrotator/app/schedule/rotate_by_file.js
2020-12-02 19:32:35,343 INFO 74130 [egg-schedule]: register schedule /Users/gaojianbo/Documents/private/keep_growing_server/node_modules/egg-multipart/app/schedule/clean_tmpdir.js
2020-12-02 19:32:35,343 INFO 74130 [egg-schedule]: register schedule /Users/gaojianbo/Documents/private/keep_growing_server/node_modules/egg-logrotator/app/schedule/clean_log.js
2020-12-02 19:32:35,344 INFO 74130 [egg-schedule]: register schedule /Users/gaojianbo/Documents/private/keep_growing_server/node_modules/egg-logrotator/app/schedule/rotate_by_file.js
2020-12-02 19:32:40,755 INFO 74148 [egg-schedule]: register schedule /Users/gaojianbo/Documents/private/keep_growing_server/node_modules/egg-multipart/app/schedule/clean_tmpdir.js
2020-12-02 19:32:40,755 INFO 74148 [egg-schedule]: register schedule /Users/gaojianbo/Documents/private/keep_growing_server/node_modules/egg-logrotator/app/schedule/clean_log.js
2020-12-02 19:32:40,756 INFO 74148 [egg-schedule]: register schedule /Users/gaojianbo/Documents/private/keep_growing_server/node_modules/egg-logrotator/app/schedule/rotate_by_file.js
2020-12-02 19:32:44,723 INFO 74166 [egg-schedule]: register schedule /Users/gaojianbo/Documents/private/keep_growing_server/node_modules/egg-multipart/app/schedule/clean_tmpdir.js
2020-12-02 19:32:44,723 INFO 74166 [egg-schedule]: register schedule /Users/gaojianbo/Documents/private/keep_growing_server/node_modules/egg-logrotator/app/schedule/clean_log.js
2020-12-02 19:32:44,723 INFO 74166 [egg-schedule]: register schedule /Users/gaojianbo/Documents/private/keep_growing_server/node_modules/egg-logrotator/app/schedule/rotate_by_file.js
2020-12-02 19:32:47,355 INFO 74179 [egg-schedule]: register schedule /Users/gaojianbo/Documents/private/keep_growing_server/node_modules/egg-multipart/app/schedule/clean_tmpdir.js
2020-12-02 19:32:47,355 INFO 74179 [egg-schedule]: register schedule /Users/gaojianbo/Documents/private/keep_growing_server/node_modules/egg-logrotator/app/schedule/clean_log.js
2020-12-02 19:32:47,355 INFO 74179 [egg-schedule]: register schedule /Users/gaojianbo/Documents/private/keep_growing_server/node_modules/egg-logrotator/app/schedule/rotate_by_file.js
2020-12-02 19:32:48,466 INFO 74184 [egg-schedule]: register schedule /Users/gaojianbo/Documents/private/keep_growing_server/node_modules/egg-multipart/app/schedule/clean_tmpdir.js
2020-12-02 19:32:48,466 INFO 74184 [egg-schedule]: register schedule /Users/gaojianbo/Documents/private/keep_growing_server/node_modules/egg-logrotator/app/schedule/clean_log.js
2020-12-02 19:32:48,466 INFO 74184 [egg-schedule]: register schedule /Users/gaojianbo/Documents/private/keep_growing_server/node_modules/egg-logrotator/app/schedule/rotate_by_file.js
2020-12-02 19:32:51,940 INFO 74202 [egg-schedule]: register schedule /Users/gaojianbo/Documents/private/keep_growing_server/node_modules/egg-multipart/app/schedule/clean_tmpdir.js
2020-12-02 19:32:51,940 INFO 74202 [egg-schedule]: register schedule /Users/gaojianbo/Documents/private/keep_growing_server/node_modules/egg-logrotator/app/schedule/clean_log.js
2020-12-02 19:32:51,940 INFO 74202 [egg-schedule]: register schedule /Users/gaojianbo/Documents/private/keep_growing_server/node_modules/egg-logrotator/app/schedule/rotate_by_file.js
2020-12-02 19:33:05,059 INFO 74238 [egg-schedule]: register schedule /Users/gaojianbo/Documents/private/keep_growing_server/node_modules/egg-multipart/app/schedule/clean_tmpdir.js
2020-12-02 19:33:05,059 INFO 74238 [egg-schedule]: register schedule /Users/gaojianbo/Documents/private/keep_growing_server/node_modules/egg-logrotator/app/schedule/clean_log.js
2020-12-02 19:33:05,059 INFO 74238 [egg-schedule]: register schedule /Users/gaojianbo/Documents/private/keep_growing_server/node_modules/egg-logrotator/app/schedule/rotate_by_file.js
2020-12-02 19:33:07,594 INFO 74255 [egg-schedule]: register schedule /Users/gaojianbo/Documents/private/keep_growing_server/node_modules/egg-multipart/app/schedule/clean_tmpdir.js
2020-12-02 19:33:07,594 INFO 74255 [egg-schedule]: register schedule /Users/gaojianbo/Documents/private/keep_growing_server/node_modules/egg-logrotator/app/schedule/clean_log.js
2020-12-02 19:33:07,594 INFO 74255 [egg-schedule]: register schedule /Users/gaojianbo/Documents/private/keep_growing_server/node_modules/egg-logrotator/app/schedule/rotate_by_file.js
2020-12-02 19:33:17,642 INFO 74281 [egg-schedule]: register schedule /Users/gaojianbo/Documents/private/keep_growing_server/node_modules/egg-multipart/app/schedule/clean_tmpdir.js
2020-12-02 19:33:17,642 INFO 74281 [egg-schedule]: register schedule /Users/gaojianbo/Documents/private/keep_growing_server/node_modules/egg-logrotator/app/schedule/clean_log.js
2020-12-02 19:33:17,642 INFO 74281 [egg-schedule]: register schedule /Users/gaojianbo/Documents/private/keep_growing_server/node_modules/egg-logrotator/app/schedule/rotate_by_file.js
2020-12-02 19:33:20,351 INFO 74299 [egg-schedule]: register schedule /Users/gaojianbo/Documents/private/keep_growing_server/node_modules/egg-multipart/app/schedule/clean_tmpdir.js
2020-12-02 19:33:20,351 INFO 74299 [egg-schedule]: register schedule /Users/gaojianbo/Documents/private/keep_growing_server/node_modules/egg-logrotator/app/schedule/clean_log.js
2020-12-02 19:33:20,351 INFO 74299 [egg-schedule]: register schedule /Users/gaojianbo/Documents/private/keep_growing_server/node_modules/egg-logrotator/app/schedule/rotate_by_file.js
2020-12-02 19:33:24,600 INFO 74317 [egg-schedule]: register schedule /Users/gaojianbo/Documents/private/keep_growing_server/node_modules/egg-multipart/app/schedule/clean_tmpdir.js
2020-12-02 19:33:24,600 INFO 74317 [egg-schedule]: register schedule /Users/gaojianbo/Documents/private/keep_growing_server/node_modules/egg-logrotator/app/schedule/clean_log.js
2020-12-02 19:33:24,600 INFO 74317 [egg-schedule]: register schedule /Users/gaojianbo/Documents/private/keep_growing_server/node_modules/egg-logrotator/app/schedule/rotate_by_file.js
2020-12-02 19:33:27,160 INFO 74327 [egg-schedule]: register schedule /Users/gaojianbo/Documents/private/keep_growing_server/node_modules/egg-multipart/app/schedule/clean_tmpdir.js
2020-12-02 19:33:27,160 INFO 74327 [egg-schedule]: register schedule /Users/gaojianbo/Documents/private/keep_growing_server/node_modules/egg-logrotator/app/schedule/clean_log.js
2020-12-02 19:33:27,160 INFO 74327 [egg-schedule]: register schedule /Users/gaojianbo/Documents/private/keep_growing_server/node_modules/egg-logrotator/app/schedule/rotate_by_file.js
2020-12-02 19:33:33,985 INFO 74378 [egg-schedule]: register schedule /Users/gaojianbo/Documents/private/keep_growing_server/node_modules/egg-multipart/app/schedule/clean_tmpdir.js
2020-12-02 19:33:33,985 INFO 74378 [egg-schedule]: register schedule /Users/gaojianbo/Documents/private/keep_growing_server/node_modules/egg-logrotator/app/schedule/clean_log.js
2020-12-02 19:33:33,985 INFO 74378 [egg-schedule]: register schedule /Users/gaojianbo/Documents/private/keep_growing_server/node_modules/egg-logrotator/app/schedule/rotate_by_file.js
2020-12-02 19:33:38,670 INFO 74452 [egg-schedule]: register schedule /Users/gaojianbo/Documents/private/keep_growing_server/node_modules/egg-multipart/app/schedule/clean_tmpdir.js
2020-12-02 19:33:38,670 INFO 74452 [egg-schedule]: register schedule /Users/gaojianbo/Documents/private/keep_growing_server/node_modules/egg-logrotator/app/schedule/clean_log.js
2020-12-02 19:33:38,670 INFO 74452 [egg-schedule]: register schedule /Users/gaojianbo/Documents/private/keep_growing_server/node_modules/egg-logrotator/app/schedule/rotate_by_file.js
2020-12-02 19:33:39,626 INFO 74475 [egg-schedule]: register schedule /Users/gaojianbo/Documents/private/keep_growing_server/node_modules/egg-multipart/app/schedule/clean_tmpdir.js
2020-12-02 19:33:39,626 INFO 74475 [egg-schedule]: register schedule /Users/gaojianbo/Documents/private/keep_growing_server/node_modules/egg-logrotator/app/schedule/clean_log.js
2020-12-02 19:33:39,626 INFO 74475 [egg-schedule]: register schedule /Users/gaojianbo/Documents/private/keep_growing_server/node_modules/egg-logrotator/app/schedule/rotate_by_file.js
2020-12-02 19:33:45,877 INFO 74499 [egg-schedule]: register schedule /Users/gaojianbo/Documents/private/keep_growing_server/node_modules/egg-multipart/app/schedule/clean_tmpdir.js
2020-12-02 19:33:45,877 INFO 74499 [egg-schedule]: register schedule /Users/gaojianbo/Documents/private/keep_growing_server/node_modules/egg-logrotator/app/schedule/clean_log.js
2020-12-02 19:33:45,877 INFO 74499 [egg-schedule]: register schedule /Users/gaojianbo/Documents/private/keep_growing_server/node_modules/egg-logrotator/app/schedule/rotate_by_file.js
2020-12-02 19:33:50,435 INFO 74521 [egg-schedule]: register schedule /Users/gaojianbo/Documents/private/keep_growing_server/node_modules/egg-multipart/app/schedule/clean_tmpdir.js
2020-12-02 19:33:50,435 INFO 74521 [egg-schedule]: register schedule /Users/gaojianbo/Documents/private/keep_growing_server/node_modules/egg-logrotator/app/schedule/clean_log.js
2020-12-02 19:33:50,436 INFO 74521 [egg-schedule]: register schedule /Users/gaojianbo/Documents/private/keep_growing_server/node_modules/egg-logrotator/app/schedule/rotate_by_file.js
2020-12-02 19:34:00,678 INFO 74565 [egg-schedule]: register schedule /Users/gaojianbo/Documents/private/keep_growing_server/node_modules/egg-multipart/app/schedule/clean_tmpdir.js
2020-12-02 19:34:00,679 INFO 74565 [egg-schedule]: register schedule /Users/gaojianbo/Documents/private/keep_growing_server/node_modules/egg-logrotator/app/schedule/clean_log.js
2020-12-02 19:34:00,679 INFO 74565 [egg-schedule]: register schedule /Users/gaojianbo/Documents/private/keep_growing_server/node_modules/egg-logrotator/app/schedule/rotate_by_file.js
2020-12-02 19:34:04,592 INFO 74583 [egg-schedule]: register schedule /Users/gaojianbo/Documents/private/keep_growing_server/node_modules/egg-multipart/app/schedule/clean_tmpdir.js
2020-12-02 19:34:04,592 INFO 74583 [egg-schedule]: register schedule /Users/gaojianbo/Documents/private/keep_growing_server/node_modules/egg-logrotator/app/schedule/clean_log.js
2020-12-02 19:34:04,592 INFO 74583 [egg-schedule]: register schedule /Users/gaojianbo/Documents/private/keep_growing_server/node_modules/egg-logrotator/app/schedule/rotate_by_file.js
2020-12-02 19:34:06,589 INFO 74589 [egg-schedule]: register schedule /Users/gaojianbo/Documents/private/keep_growing_server/node_modules/egg-multipart/app/schedule/clean_tmpdir.js
2020-12-02 19:34:06,589 INFO 74589 [egg-schedule]: register schedule /Users/gaojianbo/Documents/private/keep_growing_server/node_modules/egg-logrotator/app/schedule/clean_log.js
2020-12-02 19:34:06,589 INFO 74589 [egg-schedule]: register schedule /Users/gaojianbo/Documents/private/keep_growing_server/node_modules/egg-logrotator/app/schedule/rotate_by_file.js
2020-12-02 19:34:08,717 INFO 74598 [egg-schedule]: register schedule /Users/gaojianbo/Documents/private/keep_growing_server/node_modules/egg-multipart/app/schedule/clean_tmpdir.js
2020-12-02 19:34:08,717 INFO 74598 [egg-schedule]: register schedule /Users/gaojianbo/Documents/private/keep_growing_server/node_modules/egg-logrotator/app/schedule/clean_log.js
2020-12-02 19:34:08,717 INFO 74598 [egg-schedule]: register schedule /Users/gaojianbo/Documents/private/keep_growing_server/node_modules/egg-logrotator/app/schedule/rotate_by_file.js
2020-12-02 19:34:14,546 INFO 74624 [egg-schedule]: register schedule /Users/gaojianbo/Documents/private/keep_growing_server/node_modules/egg-multipart/app/schedule/clean_tmpdir.js
2020-12-02 19:34:14,546 INFO 74624 [egg-schedule]: register schedule /Users/gaojianbo/Documents/private/keep_growing_server/node_modules/egg-logrotator/app/schedule/clean_log.js
2020-12-02 19:34:14,546 INFO 74624 [egg-schedule]: register schedule /Users/gaojianbo/Documents/private/keep_growing_server/node_modules/egg-logrotator/app/schedule/rotate_by_file.js
2020-12-02 19:34:27,050 INFO 74668 [egg-schedule]: register schedule /Users/gaojianbo/Documents/private/keep_growing_server/node_modules/egg-multipart/app/schedule/clean_tmpdir.js
2020-12-02 19:34:27,050 INFO 74668 [egg-schedule]: register schedule /Users/gaojianbo/Documents/private/keep_growing_server/node_modules/egg-logrotator/app/schedule/clean_log.js
2020-12-02 19:34:27,050 INFO 74668 [egg-schedule]: register schedule /Users/gaojianbo/Documents/private/keep_growing_server/node_modules/egg-logrotator/app/schedule/rotate_by_file.js
2020-12-02 19:34:29,057 INFO 74677 [egg-schedule]: register schedule /Users/gaojianbo/Documents/private/keep_growing_server/node_modules/egg-multipart/app/schedule/clean_tmpdir.js
2020-12-02 19:34:29,057 INFO 74677 [egg-schedule]: register schedule /Users/gaojianbo/Documents/private/keep_growing_server/node_modules/egg-logrotator/app/schedule/clean_log.js
2020-12-02 19:34:29,057 INFO 74677 [egg-schedule]: register schedule /Users/gaojianbo/Documents/private/keep_growing_server/node_modules/egg-logrotator/app/schedule/rotate_by_file.js
2020-12-02 19:34:40,111 INFO 74727 [egg-schedule]: register schedule /Users/gaojianbo/Documents/private/keep_growing_server/node_modules/egg-multipart/app/schedule/clean_tmpdir.js
2020-12-02 19:34:40,111 INFO 74727 [egg-schedule]: register schedule /Users/gaojianbo/Documents/private/keep_growing_server/node_modules/egg-logrotator/app/schedule/clean_log.js
2020-12-02 19:34:40,111 INFO 74727 [egg-schedule]: register schedule /Users/gaojianbo/Documents/private/keep_growing_server/node_modules/egg-logrotator/app/schedule/rotate_by_file.js
2020-12-02 19:34:44,671 INFO 74737 [egg-schedule]: register schedule /Users/gaojianbo/Documents/private/keep_growing_server/node_modules/egg-multipart/app/schedule/clean_tmpdir.js
2020-12-02 19:34:44,671 INFO 74737 [egg-schedule]: register schedule /Users/gaojianbo/Documents/private/keep_growing_server/node_modules/egg-logrotator/app/schedule/clean_log.js
2020-12-02 19:34:44,671 INFO 74737 [egg-schedule]: register schedule /Users/gaojianbo/Documents/private/keep_growing_server/node_modules/egg-logrotator/app/schedule/rotate_by_file.js
2020-12-02 19:34:51,367 INFO 74770 [egg-schedule]: register schedule /Users/gaojianbo/Documents/private/keep_growing_server/node_modules/egg-multipart/app/schedule/clean_tmpdir.js
2020-12-02 19:34:51,367 INFO 74770 [egg-schedule]: register schedule /Users/gaojianbo/Documents/private/keep_growing_server/node_modules/egg-logrotator/app/schedule/clean_log.js
2020-12-02 19:34:51,367 INFO 74770 [egg-schedule]: register schedule /Users/gaojianbo/Documents/private/keep_growing_server/node_modules/egg-logrotator/app/schedule/rotate_by_file.js
2020-12-02 19:34:54,087 INFO 74780 [egg-schedule]: register schedule /Users/gaojianbo/Documents/private/keep_growing_server/node_modules/egg-multipart/app/schedule/clean_tmpdir.js
2020-12-02 19:34:54,087 INFO 74780 [egg-schedule]: register schedule /Users/gaojianbo/Documents/private/keep_growing_server/node_modules/egg-logrotator/app/schedule/clean_log.js
2020-12-02 19:34:54,087 INFO 74780 [egg-schedule]: register schedule /Users/gaojianbo/Documents/private/keep_growing_server/node_modules/egg-logrotator/app/schedule/rotate_by_file.js
2020-12-02 19:35:01,393 INFO 74810 [egg-schedule]: register schedule /Users/gaojianbo/Documents/private/keep_growing_server/node_modules/egg-multipart/app/schedule/clean_tmpdir.js
2020-12-02 19:35:01,393 INFO 74810 [egg-schedule]: register schedule /Users/gaojianbo/Documents/private/keep_growing_server/node_modules/egg-logrotator/app/schedule/clean_log.js
2020-12-02 19:35:01,393 INFO 74810 [egg-schedule]: register schedule /Users/gaojianbo/Documents/private/keep_growing_server/node_modules/egg-logrotator/app/schedule/rotate_by_file.js
2020-12-02 19:35:07,620 INFO 74834 [egg-schedule]: register schedule /Users/gaojianbo/Documents/private/keep_growing_server/node_modules/egg-multipart/app/schedule/clean_tmpdir.js
2020-12-02 19:35:07,621 INFO 74834 [egg-schedule]: register schedule /Users/gaojianbo/Documents/private/keep_growing_server/node_modules/egg-logrotator/app/schedule/clean_log.js
2020-12-02 19:35:07,621 INFO 74834 [egg-schedule]: register schedule /Users/gaojianbo/Documents/private/keep_growing_server/node_modules/egg-logrotator/app/schedule/rotate_by_file.js
2020-12-02 19:54:52,029 INFO 77682 [egg-schedule]: register schedule /Users/gaojianbo/Documents/private/keep_growing_server/node_modules/egg-multipart/app/schedule/clean_tmpdir.js
2020-12-02 19:54:52,029 INFO 77682 [egg-schedule]: register schedule /Users/gaojianbo/Documents/private/keep_growing_server/node_modules/egg-logrotator/app/schedule/clean_log.js
2020-12-02 19:54:52,029 INFO 77682 [egg-schedule]: register schedule /Users/gaojianbo/Documents/private/keep_growing_server/node_modules/egg-logrotator/app/schedule/rotate_by_file.js
2020-12-02 19:54:53,120 INFO 77696 [egg-schedule]: register schedule /Users/gaojianbo/Documents/private/keep_growing_server/node_modules/egg-multipart/app/schedule/clean_tmpdir.js
2020-12-02 19:54:53,120 INFO 77696 [egg-schedule]: register schedule /Users/gaojianbo/Documents/private/keep_growing_server/node_modules/egg-logrotator/app/schedule/clean_log.js
2020-12-02 19:54:53,120 INFO 77696 [egg-schedule]: register schedule /Users/gaojianbo/Documents/private/keep_growing_server/node_modules/egg-logrotator/app/schedule/rotate_by_file.js
2020-12-02 19:54:56,287 INFO 77711 [egg-schedule]: register schedule /Users/gaojianbo/Documents/private/keep_growing_server/node_modules/egg-multipart/app/schedule/clean_tmpdir.js
2020-12-02 19:54:56,287 INFO 77711 [egg-schedule]: register schedule /Users/gaojianbo/Documents/private/keep_growing_server/node_modules/egg-logrotator/app/schedule/clean_log.js
2020-12-02 19:54:56,287 INFO 77711 [egg-schedule]: register schedule /Users/gaojianbo/Documents/private/keep_growing_server/node_modules/egg-logrotator/app/schedule/rotate_by_file.js
